<?xml version="1.0" encoding="UTF-8"?>
<!-- Generated by org.testng.reporters.JUnitReportReporter -->
<testsuite skipped="0" hostname="DESKTOP-RRGFH15" name="com.demoshop.verify.Verify" tests="1" failures="0" timestamp="14 Sep 2020 11:05:29 GMT" time="19.292" errors="0">
  <testcase name="verifypages" time="19.292" classname="com.demoshop.verify.Verify"/>
</testsuite> <!-- com.demoshop.verify.Verify -->
