<?xml version="1.0" encoding="UTF-8"?>
<!-- Generated by org.testng.reporters.JUnitReportReporter -->
<testsuite skipped="0" hostname="DESKTOP-RRGFH15" name="com.demoshop.utility.Verify" tests="1" failures="0" timestamp="13 Sep 2020 08:56:10 GMT" time="16.224" errors="0">
  <testcase name="verifypages" time="16.224" classname="com.demoshop.utility.Verify"/>
</testsuite> <!-- com.demoshop.utility.Verify -->
